CRITICAL - 2023-10-29 00:54:41 --> Invalid file: "/layout/.php"
in SYSTEMPATH\Exceptions\FrameworkException.php on line 33.
 1 SYSTEMPATH\View\View.php(212): CodeIgniter\Exceptions\FrameworkException::forInvalidFile('/layout/.php')
 2 SYSTEMPATH\View\View.php(240): CodeIgniter\View\View->render('/layout/', [], true)
 3 SYSTEMPATH\Common.php(1180): CodeIgniter\View\View->render('view_prosedur', [], true)
 4 APPPATH\Controllers\Prosedur.php(41): view('view_prosedur', [...])
 5 SYSTEMPATH\CodeIgniter.php(932): App\Controllers\Prosedur->index()
 6 SYSTEMPATH\CodeIgniter.php(497): CodeIgniter\CodeIgniter->runController(Object(App\Controllers\Prosedur))
 7 SYSTEMPATH\CodeIgniter.php(366): CodeIgniter\CodeIgniter->handleRequest(null, Object(Config\Cache), false)
 8 FCPATH\index.php(67): CodeIgniter\CodeIgniter->run()
 9 SYSTEMPATH\Commands\Server\rewrite.php(47): require_once('C:\\xampp\\htdocs\\sop_final\\public\\index.php')
CRITICAL - 2023-10-29 00:54:51 --> Invalid file: "/layout/.php"
in SYSTEMPATH\Exceptions\FrameworkException.php on line 33.
 1 SYSTEMPATH\View\View.php(212): CodeIgniter\Exceptions\FrameworkException::forInvalidFile('/layout/.php')
 2 SYSTEMPATH\View\View.php(240): CodeIgniter\View\View->render('/layout/', [], true)
 3 SYSTEMPATH\Common.php(1180): CodeIgniter\View\View->render('view_prosedur', [], true)
 4 APPPATH\Controllers\Prosedur.php(41): view('view_prosedur', [...])
 5 SYSTEMPATH\CodeIgniter.php(932): App\Controllers\Prosedur->index()
 6 SYSTEMPATH\CodeIgniter.php(497): CodeIgniter\CodeIgniter->runController(Object(App\Controllers\Prosedur))
 7 SYSTEMPATH\CodeIgniter.php(366): CodeIgniter\CodeIgniter->handleRequest(null, Object(Config\Cache), false)
 8 FCPATH\index.php(67): CodeIgniter\CodeIgniter->run()
 9 SYSTEMPATH\Commands\Server\rewrite.php(47): require_once('C:\\xampp\\htdocs\\sop_final\\public\\index.php')
CRITICAL - 2023-10-29 03:07:34 --> Invalid file: "footer.php"
in SYSTEMPATH\Exceptions\FrameworkException.php on line 33.
 1 SYSTEMPATH\View\View.php(212): CodeIgniter\Exceptions\FrameworkException::forInvalidFile('footer.php')
 2 SYSTEMPATH\Common.php(1180): CodeIgniter\View\View->render('footer', [], true)
 3 APPPATH\Controllers\Home.php(35): view('footer')
 4 SYSTEMPATH\CodeIgniter.php(932): App\Controllers\Home->tampil()
 5 SYSTEMPATH\CodeIgniter.php(497): CodeIgniter\CodeIgniter->runController(Object(App\Controllers\Home))
 6 SYSTEMPATH\CodeIgniter.php(366): CodeIgniter\CodeIgniter->handleRequest(null, Object(Config\Cache), false)
 7 FCPATH\index.php(67): CodeIgniter\CodeIgniter->run()
 8 SYSTEMPATH\Commands\Server\rewrite.php(47): require_once('C:\\xampp\\htdocs\\sop_final\\public\\index.php')
CRITICAL - 2023-10-29 03:10:13 --> Invalid file: "footer.php"
in SYSTEMPATH\Exceptions\FrameworkException.php on line 33.
 1 SYSTEMPATH\View\View.php(212): CodeIgniter\Exceptions\FrameworkException::forInvalidFile('footer.php')
 2 SYSTEMPATH\Common.php(1180): CodeIgniter\View\View->render('footer', [], true)
 3 APPPATH\Controllers\Home.php(35): view('footer')
 4 SYSTEMPATH\CodeIgniter.php(932): App\Controllers\Home->tampil()
 5 SYSTEMPATH\CodeIgniter.php(497): CodeIgniter\CodeIgniter->runController(Object(App\Controllers\Home))
 6 SYSTEMPATH\CodeIgniter.php(366): CodeIgniter\CodeIgniter->handleRequest(null, Object(Config\Cache), false)
 7 FCPATH\index.php(67): CodeIgniter\CodeIgniter->run()
 8 SYSTEMPATH\Commands\Server\rewrite.php(47): require_once('C:\\xampp\\htdocs\\sop_final\\public\\index.php')
CRITICAL - 2023-10-29 03:10:42 --> Invalid file: "footer.php"
in SYSTEMPATH\Exceptions\FrameworkException.php on line 33.
 1 SYSTEMPATH\View\View.php(212): CodeIgniter\Exceptions\FrameworkException::forInvalidFile('footer.php')
 2 SYSTEMPATH\Common.php(1180): CodeIgniter\View\View->render('footer', [], true)
 3 APPPATH\Controllers\Home.php(35): view('footer')
 4 SYSTEMPATH\CodeIgniter.php(932): App\Controllers\Home->tampil()
 5 SYSTEMPATH\CodeIgniter.php(497): CodeIgniter\CodeIgniter->runController(Object(App\Controllers\Home))
 6 SYSTEMPATH\CodeIgniter.php(366): CodeIgniter\CodeIgniter->handleRequest(null, Object(Config\Cache), false)
 7 FCPATH\index.php(67): CodeIgniter\CodeIgniter->run()
 8 SYSTEMPATH\Commands\Server\rewrite.php(47): require_once('C:\\xampp\\htdocs\\sop_final\\public\\index.php')
CRITICAL - 2023-10-29 03:13:23 --> Invalid file: "footer.php"
in SYSTEMPATH\Exceptions\FrameworkException.php on line 33.
 1 SYSTEMPATH\View\View.php(212): CodeIgniter\Exceptions\FrameworkException::forInvalidFile('footer.php')
 2 SYSTEMPATH\Common.php(1180): CodeIgniter\View\View->render('footer', [], true)
 3 APPPATH\Controllers\Home.php(35): view('footer')
 4 SYSTEMPATH\CodeIgniter.php(932): App\Controllers\Home->tampil()
 5 SYSTEMPATH\CodeIgniter.php(497): CodeIgniter\CodeIgniter->runController(Object(App\Controllers\Home))
 6 SYSTEMPATH\CodeIgniter.php(366): CodeIgniter\CodeIgniter->handleRequest(null, Object(Config\Cache), false)
 7 FCPATH\index.php(67): CodeIgniter\CodeIgniter->run()
 8 SYSTEMPATH\Commands\Server\rewrite.php(47): require_once('C:\\xampp\\htdocs\\sop_final\\public\\index.php')
CRITICAL - 2023-10-29 06:55:20 --> Call to undefined function ImageCreate()
in FCPATH\assets\phpqrcode\qrimage.php on line 74.
 1 FCPATH\assets\phpqrcode\qrimage.php(32): QRimage::image([...], 2.2, 4)
 2 FCPATH\assets\phpqrcode\qrencode.php(494): QRimage::png([...], 'C:\\xampp\\htdocs\\sop_final\\sop_final\\public\\kode1.png', 2.2, 4, false)
 3 FCPATH\assets\phpqrcode\qrencode.php(286): QRencode->encodePNG('https://drive.google.com/file/d/1W6EPS0q9kPsYZxpjL7A2QIccy8iK-lri/view?usp=sharing', 'C:\\xampp\\htdocs\\sop_final\\sop_final\\public\\kode1.png', false)
 4 APPPATH\Views\view_prosedur.php(120): QRcode::png('https://drive.google.com/file/d/1W6EPS0q9kPsYZxpjL7A2QIccy8iK-lri/view?usp=sharing', 'C:\\xampp\\htdocs\\sop_final\\sop_final\\public\\kode1.png', 'M', 2.2)
 5 SYSTEMPATH\View\View.php(224): include('C:\\xampp\\htdocs\\sop_final\\sop_final\\app\\Views\\view_prosedur.php')
 6 SYSTEMPATH\View\View.php(227): CodeIgniter\View\View->CodeIgniter\View\{closure}()
 7 SYSTEMPATH\Common.php(1180): CodeIgniter\View\View->render('view_prosedur', [], true)
 8 APPPATH\Controllers\Prosedur.php(41): view('view_prosedur', [...])
 9 SYSTEMPATH\CodeIgniter.php(932): App\Controllers\Prosedur->index()
10 SYSTEMPATH\CodeIgniter.php(497): CodeIgniter\CodeIgniter->runController(Object(App\Controllers\Prosedur))
11 SYSTEMPATH\CodeIgniter.php(366): CodeIgniter\CodeIgniter->handleRequest(null, Object(Config\Cache), false)
12 FCPATH\index.php(67): CodeIgniter\CodeIgniter->run()
13 SYSTEMPATH\Commands\Server\rewrite.php(47): require_once('C:\\xampp\\htdocs\\sop_final\\sop_final\\public\\index.php')
CRITICAL - 2023-10-29 06:55:29 --> Undefined property: Config\View::$allowRegister
in APPPATH\Views\register.php on line 87.
 1 APPPATH\Views\register.php(87): CodeIgniter\Debug\Exceptions->errorHandler(2, 'Undefined property: Config\\View::$allowRegister', 'C:\\xampp\\htdocs\\sop_final\\sop_final\\app\\Views\\register.php', 87)
 2 SYSTEMPATH\View\View.php(224): include('C:\\xampp\\htdocs\\sop_final\\sop_final\\app\\Views\\register.php')
 3 SYSTEMPATH\View\View.php(227): CodeIgniter\View\View->CodeIgniter\View\{closure}()
 4 SYSTEMPATH\Common.php(1180): CodeIgniter\View\View->render('register', [], true)
 5 APPPATH\Controllers\Auth.php(163): view('register')
 6 SYSTEMPATH\CodeIgniter.php(932): App\Controllers\Auth->register()
 7 SYSTEMPATH\CodeIgniter.php(497): CodeIgniter\CodeIgniter->runController(Object(App\Controllers\Auth))
 8 SYSTEMPATH\CodeIgniter.php(366): CodeIgniter\CodeIgniter->handleRequest(null, Object(Config\Cache), false)
 9 FCPATH\index.php(67): CodeIgniter\CodeIgniter->run()
10 SYSTEMPATH\Commands\Server\rewrite.php(47): require_once('C:\\xampp\\htdocs\\sop_final\\sop_final\\public\\index.php')
CRITICAL - 2023-10-29 06:56:09 --> Undefined property: Config\View::$allowRegister
in APPPATH\Views\register.php on line 87.
 1 APPPATH\Views\register.php(87): CodeIgniter\Debug\Exceptions->errorHandler(2, 'Undefined property: Config\\View::$allowRegister', 'C:\\xampp\\htdocs\\sop_final\\sop_final\\app\\Views\\register.php', 87)
 2 SYSTEMPATH\View\View.php(224): include('C:\\xampp\\htdocs\\sop_final\\sop_final\\app\\Views\\register.php')
 3 SYSTEMPATH\View\View.php(227): CodeIgniter\View\View->CodeIgniter\View\{closure}()
 4 SYSTEMPATH\Common.php(1180): CodeIgniter\View\View->render('register', [], true)
 5 APPPATH\Controllers\Auth.php(163): view('register')
 6 SYSTEMPATH\CodeIgniter.php(932): App\Controllers\Auth->register()
 7 SYSTEMPATH\CodeIgniter.php(497): CodeIgniter\CodeIgniter->runController(Object(App\Controllers\Auth))
 8 SYSTEMPATH\CodeIgniter.php(366): CodeIgniter\CodeIgniter->handleRequest(null, Object(Config\Cache), false)
 9 FCPATH\index.php(67): CodeIgniter\CodeIgniter->run()
10 SYSTEMPATH\Commands\Server\rewrite.php(47): require_once('C:\\xampp\\htdocs\\sop_final\\sop_final\\public\\index.php')
CRITICAL - 2023-10-29 11:55:20 --> Undefined property: Config\View::$allowRegister
in APPPATH\Views\register.php on line 87.
 1 APPPATH\Views\register.php(87): CodeIgniter\Debug\Exceptions->errorHandler(2, 'Undefined property: Config\\View::$allowRegister', 'C:\\xampp\\htdocs\\sop_final\\sop_final\\app\\Views\\register.php', 87)
 2 SYSTEMPATH\View\View.php(224): include('C:\\xampp\\htdocs\\sop_final\\sop_final\\app\\Views\\register.php')
 3 SYSTEMPATH\View\View.php(227): CodeIgniter\View\View->CodeIgniter\View\{closure}()
 4 SYSTEMPATH\Common.php(1180): CodeIgniter\View\View->render('register', [], true)
 5 APPPATH\Controllers\Auth.php(163): view('register')
 6 SYSTEMPATH\CodeIgniter.php(932): App\Controllers\Auth->register()
 7 SYSTEMPATH\CodeIgniter.php(497): CodeIgniter\CodeIgniter->runController(Object(App\Controllers\Auth))
 8 SYSTEMPATH\CodeIgniter.php(366): CodeIgniter\CodeIgniter->handleRequest(null, Object(Config\Cache), false)
 9 FCPATH\index.php(67): CodeIgniter\CodeIgniter->run()
10 SYSTEMPATH\Commands\Server\rewrite.php(47): require_once('C:\\xampp\\htdocs\\sop_final\\sop_final\\public\\index.php')
CRITICAL - 2023-10-29 11:55:52 --> Undefined property: Config\View::$allowRegister
in APPPATH\Views\register.php on line 87.
 1 APPPATH\Views\register.php(87): CodeIgniter\Debug\Exceptions->errorHandler(2, 'Undefined property: Config\\View::$allowRegister', 'C:\\xampp\\htdocs\\sop_final\\sop_final\\app\\Views\\register.php', 87)
 2 SYSTEMPATH\View\View.php(224): include('C:\\xampp\\htdocs\\sop_final\\sop_final\\app\\Views\\register.php')
 3 SYSTEMPATH\View\View.php(227): CodeIgniter\View\View->CodeIgniter\View\{closure}()
 4 SYSTEMPATH\Common.php(1180): CodeIgniter\View\View->render('register', [], true)
 5 APPPATH\Controllers\Auth.php(163): view('register')
 6 SYSTEMPATH\CodeIgniter.php(932): App\Controllers\Auth->register()
 7 SYSTEMPATH\CodeIgniter.php(497): CodeIgniter\CodeIgniter->runController(Object(App\Controllers\Auth))
 8 SYSTEMPATH\CodeIgniter.php(366): CodeIgniter\CodeIgniter->handleRequest(null, Object(Config\Cache), false)
 9 FCPATH\index.php(67): CodeIgniter\CodeIgniter->run()
10 SYSTEMPATH\Commands\Server\rewrite.php(47): require_once('C:\\xampp\\htdocs\\sop_final\\sop_final\\public\\index.php')
CRITICAL - 2023-10-29 11:57:29 --> Undefined property: Config\View::$allowRegister
in APPPATH\Views\register.php on line 87.
 1 APPPATH\Views\register.php(87): CodeIgniter\Debug\Exceptions->errorHandler(2, 'Undefined property: Config\\View::$allowRegister', 'C:\\xampp\\htdocs\\sop_final\\app\\Views\\register.php', 87)
 2 SYSTEMPATH\View\View.php(224): include('C:\\xampp\\htdocs\\sop_final\\app\\Views\\register.php')
 3 SYSTEMPATH\View\View.php(227): CodeIgniter\View\View->CodeIgniter\View\{closure}()
 4 SYSTEMPATH\Common.php(1180): CodeIgniter\View\View->render('register', [], true)
 5 APPPATH\Controllers\Auth.php(163): view('register')
 6 SYSTEMPATH\CodeIgniter.php(932): App\Controllers\Auth->register()
 7 SYSTEMPATH\CodeIgniter.php(497): CodeIgniter\CodeIgniter->runController(Object(App\Controllers\Auth))
 8 SYSTEMPATH\CodeIgniter.php(366): CodeIgniter\CodeIgniter->handleRequest(null, Object(Config\Cache), false)
 9 FCPATH\index.php(67): CodeIgniter\CodeIgniter->run()
10 SYSTEMPATH\Commands\Server\rewrite.php(47): require_once('C:\\xampp\\htdocs\\sop_final\\public\\index.php')
CRITICAL - 2023-10-29 11:58:16 --> Undefined property: Config\View::$allowRegister
in APPPATH\Views\register.php on line 87.
 1 APPPATH\Views\register.php(87): CodeIgniter\Debug\Exceptions->errorHandler(2, 'Undefined property: Config\\View::$allowRegister', 'C:\\xampp\\htdocs\\sop_final\\app\\Views\\register.php', 87)
 2 SYSTEMPATH\View\View.php(224): include('C:\\xampp\\htdocs\\sop_final\\app\\Views\\register.php')
 3 SYSTEMPATH\View\View.php(227): CodeIgniter\View\View->CodeIgniter\View\{closure}()
 4 SYSTEMPATH\Common.php(1180): CodeIgniter\View\View->render('register', [], true)
 5 APPPATH\Controllers\Auth.php(163): view('register')
 6 SYSTEMPATH\CodeIgniter.php(932): App\Controllers\Auth->register()
 7 SYSTEMPATH\CodeIgniter.php(497): CodeIgniter\CodeIgniter->runController(Object(App\Controllers\Auth))
 8 SYSTEMPATH\CodeIgniter.php(366): CodeIgniter\CodeIgniter->handleRequest(null, Object(Config\Cache), false)
 9 FCPATH\index.php(67): CodeIgniter\CodeIgniter->run()
10 SYSTEMPATH\Commands\Server\rewrite.php(47): require_once('C:\\xampp\\htdocs\\sop_final\\public\\index.php')
CRITICAL - 2023-10-29 11:58:17 --> Undefined property: Config\View::$allowRegister
in APPPATH\Views\register.php on line 87.
 1 APPPATH\Views\register.php(87): CodeIgniter\Debug\Exceptions->errorHandler(2, 'Undefined property: Config\\View::$allowRegister', 'C:\\xampp\\htdocs\\sop_final\\app\\Views\\register.php', 87)
 2 SYSTEMPATH\View\View.php(224): include('C:\\xampp\\htdocs\\sop_final\\app\\Views\\register.php')
 3 SYSTEMPATH\View\View.php(227): CodeIgniter\View\View->CodeIgniter\View\{closure}()
 4 SYSTEMPATH\Common.php(1180): CodeIgniter\View\View->render('register', [], true)
 5 APPPATH\Controllers\Auth.php(163): view('register')
 6 SYSTEMPATH\CodeIgniter.php(932): App\Controllers\Auth->register()
 7 SYSTEMPATH\CodeIgniter.php(497): CodeIgniter\CodeIgniter->runController(Object(App\Controllers\Auth))
 8 SYSTEMPATH\CodeIgniter.php(366): CodeIgniter\CodeIgniter->handleRequest(null, Object(Config\Cache), false)
 9 FCPATH\index.php(67): CodeIgniter\CodeIgniter->run()
10 SYSTEMPATH\Commands\Server\rewrite.php(47): require_once('C:\\xampp\\htdocs\\sop_final\\public\\index.php')
CRITICAL - 2023-10-29 11:58:20 --> Undefined property: Config\View::$allowRegister
in APPPATH\Views\register.php on line 87.
 1 APPPATH\Views\register.php(87): CodeIgniter\Debug\Exceptions->errorHandler(2, 'Undefined property: Config\\View::$allowRegister', 'C:\\xampp\\htdocs\\sop_final\\app\\Views\\register.php', 87)
 2 SYSTEMPATH\View\View.php(224): include('C:\\xampp\\htdocs\\sop_final\\app\\Views\\register.php')
 3 SYSTEMPATH\View\View.php(227): CodeIgniter\View\View->CodeIgniter\View\{closure}()
 4 SYSTEMPATH\Common.php(1180): CodeIgniter\View\View->render('register', [], true)
 5 APPPATH\Controllers\Auth.php(163): view('register')
 6 SYSTEMPATH\CodeIgniter.php(932): App\Controllers\Auth->register()
 7 SYSTEMPATH\CodeIgniter.php(497): CodeIgniter\CodeIgniter->runController(Object(App\Controllers\Auth))
 8 SYSTEMPATH\CodeIgniter.php(366): CodeIgniter\CodeIgniter->handleRequest(null, Object(Config\Cache), false)
 9 FCPATH\index.php(67): CodeIgniter\CodeIgniter->run()
10 SYSTEMPATH\Commands\Server\rewrite.php(47): require_once('C:\\xampp\\htdocs\\sop_final\\public\\index.php')
CRITICAL - 2023-10-29 11:58:21 --> Undefined property: Config\View::$allowRegister
in APPPATH\Views\register.php on line 87.
 1 APPPATH\Views\register.php(87): CodeIgniter\Debug\Exceptions->errorHandler(2, 'Undefined property: Config\\View::$allowRegister', 'C:\\xampp\\htdocs\\sop_final\\app\\Views\\register.php', 87)
 2 SYSTEMPATH\View\View.php(224): include('C:\\xampp\\htdocs\\sop_final\\app\\Views\\register.php')
 3 SYSTEMPATH\View\View.php(227): CodeIgniter\View\View->CodeIgniter\View\{closure}()
 4 SYSTEMPATH\Common.php(1180): CodeIgniter\View\View->render('register', [], true)
 5 APPPATH\Controllers\Auth.php(163): view('register')
 6 SYSTEMPATH\CodeIgniter.php(932): App\Controllers\Auth->register()
 7 SYSTEMPATH\CodeIgniter.php(497): CodeIgniter\CodeIgniter->runController(Object(App\Controllers\Auth))
 8 SYSTEMPATH\CodeIgniter.php(366): CodeIgniter\CodeIgniter->handleRequest(null, Object(Config\Cache), false)
 9 FCPATH\index.php(67): CodeIgniter\CodeIgniter->run()
10 SYSTEMPATH\Commands\Server\rewrite.php(47): require_once('C:\\xampp\\htdocs\\sop_final\\public\\index.php')
CRITICAL - 2023-10-29 11:58:25 --> Undefined property: Config\View::$allowRegister
in APPPATH\Views\register.php on line 87.
 1 APPPATH\Views\register.php(87): CodeIgniter\Debug\Exceptions->errorHandler(2, 'Undefined property: Config\\View::$allowRegister', 'C:\\xampp\\htdocs\\sop_final\\app\\Views\\register.php', 87)
 2 SYSTEMPATH\View\View.php(224): include('C:\\xampp\\htdocs\\sop_final\\app\\Views\\register.php')
 3 SYSTEMPATH\View\View.php(227): CodeIgniter\View\View->CodeIgniter\View\{closure}()
 4 SYSTEMPATH\Common.php(1180): CodeIgniter\View\View->render('register', [], true)
 5 APPPATH\Controllers\Auth.php(163): view('register')
 6 SYSTEMPATH\CodeIgniter.php(932): App\Controllers\Auth->register()
 7 SYSTEMPATH\CodeIgniter.php(497): CodeIgniter\CodeIgniter->runController(Object(App\Controllers\Auth))
 8 SYSTEMPATH\CodeIgniter.php(366): CodeIgniter\CodeIgniter->handleRequest(null, Object(Config\Cache), false)
 9 FCPATH\index.php(67): CodeIgniter\CodeIgniter->run()
10 SYSTEMPATH\Commands\Server\rewrite.php(47): require_once('C:\\xampp\\htdocs\\sop_final\\public\\index.php')
CRITICAL - 2023-10-29 11:58:26 --> Undefined property: Config\View::$allowRegister
in APPPATH\Views\register.php on line 87.
 1 APPPATH\Views\register.php(87): CodeIgniter\Debug\Exceptions->errorHandler(2, 'Undefined property: Config\\View::$allowRegister', 'C:\\xampp\\htdocs\\sop_final\\app\\Views\\register.php', 87)
 2 SYSTEMPATH\View\View.php(224): include('C:\\xampp\\htdocs\\sop_final\\app\\Views\\register.php')
 3 SYSTEMPATH\View\View.php(227): CodeIgniter\View\View->CodeIgniter\View\{closure}()
 4 SYSTEMPATH\Common.php(1180): CodeIgniter\View\View->render('register', [], true)
 5 APPPATH\Controllers\Auth.php(163): view('register')
 6 SYSTEMPATH\CodeIgniter.php(932): App\Controllers\Auth->register()
 7 SYSTEMPATH\CodeIgniter.php(497): CodeIgniter\CodeIgniter->runController(Object(App\Controllers\Auth))
 8 SYSTEMPATH\CodeIgniter.php(366): CodeIgniter\CodeIgniter->handleRequest(null, Object(Config\Cache), false)
 9 FCPATH\index.php(67): CodeIgniter\CodeIgniter->run()
10 SYSTEMPATH\Commands\Server\rewrite.php(47): require_once('C:\\xampp\\htdocs\\sop_final\\public\\index.php')
CRITICAL - 2023-10-29 11:58:33 --> Undefined property: Config\View::$allowRegister
in APPPATH\Views\register.php on line 87.
 1 APPPATH\Views\register.php(87): CodeIgniter\Debug\Exceptions->errorHandler(2, 'Undefined property: Config\\View::$allowRegister', 'C:\\xampp\\htdocs\\sop_final\\app\\Views\\register.php', 87)
 2 SYSTEMPATH\View\View.php(224): include('C:\\xampp\\htdocs\\sop_final\\app\\Views\\register.php')
 3 SYSTEMPATH\View\View.php(227): CodeIgniter\View\View->CodeIgniter\View\{closure}()
 4 SYSTEMPATH\Common.php(1180): CodeIgniter\View\View->render('register', [], true)
 5 APPPATH\Controllers\Auth.php(163): view('register')
 6 SYSTEMPATH\CodeIgniter.php(932): App\Controllers\Auth->register()
 7 SYSTEMPATH\CodeIgniter.php(497): CodeIgniter\CodeIgniter->runController(Object(App\Controllers\Auth))
 8 SYSTEMPATH\CodeIgniter.php(366): CodeIgniter\CodeIgniter->handleRequest(null, Object(Config\Cache), false)
 9 FCPATH\index.php(67): CodeIgniter\CodeIgniter->run()
10 SYSTEMPATH\Commands\Server\rewrite.php(47): require_once('C:\\xampp\\htdocs\\sop_final\\public\\index.php')
CRITICAL - 2023-10-29 12:09:20 --> Undefined property: Config\View::$allowRegister
in APPPATH\Views\register.php on line 87.
 1 APPPATH\Views\register.php(87): CodeIgniter\Debug\Exceptions->errorHandler(2, 'Undefined property: Config\\View::$allowRegister', 'C:\\xampp\\htdocs\\sop_final\\app\\Views\\register.php', 87)
 2 SYSTEMPATH\View\View.php(224): include('C:\\xampp\\htdocs\\sop_final\\app\\Views\\register.php')
 3 SYSTEMPATH\View\View.php(227): CodeIgniter\View\View->CodeIgniter\View\{closure}()
 4 SYSTEMPATH\Common.php(1180): CodeIgniter\View\View->render('register', [], true)
 5 APPPATH\Controllers\Auth.php(163): view('register')
 6 SYSTEMPATH\CodeIgniter.php(932): App\Controllers\Auth->register()
 7 SYSTEMPATH\CodeIgniter.php(497): CodeIgniter\CodeIgniter->runController(Object(App\Controllers\Auth))
 8 SYSTEMPATH\CodeIgniter.php(366): CodeIgniter\CodeIgniter->handleRequest(null, Object(Config\Cache), false)
 9 FCPATH\index.php(67): CodeIgniter\CodeIgniter->run()
10 SYSTEMPATH\Commands\Server\rewrite.php(47): require_once('C:\\xampp\\htdocs\\sop_final\\public\\index.php')
CRITICAL - 2023-10-29 12:34:27 --> Undefined property: Config\View::$allowRegister
in APPPATH\Views\register.php on line 87.
 1 APPPATH\Views\register.php(87): CodeIgniter\Debug\Exceptions->errorHandler(2, 'Undefined property: Config\\View::$allowRegister', 'C:\\xampp\\htdocs\\sop_final\\app\\Views\\register.php', 87)
 2 SYSTEMPATH\View\View.php(224): include('C:\\xampp\\htdocs\\sop_final\\app\\Views\\register.php')
 3 SYSTEMPATH\View\View.php(227): CodeIgniter\View\View->CodeIgniter\View\{closure}()
 4 SYSTEMPATH\Common.php(1180): CodeIgniter\View\View->render('register', [], true)
 5 APPPATH\Controllers\Auth.php(163): view('register')
 6 SYSTEMPATH\CodeIgniter.php(932): App\Controllers\Auth->register()
 7 SYSTEMPATH\CodeIgniter.php(497): CodeIgniter\CodeIgniter->runController(Object(App\Controllers\Auth))
 8 SYSTEMPATH\CodeIgniter.php(366): CodeIgniter\CodeIgniter->handleRequest(null, Object(Config\Cache), false)
 9 FCPATH\index.php(67): CodeIgniter\CodeIgniter->run()
10 SYSTEMPATH\Commands\Server\rewrite.php(47): require_once('C:\\xampp\\htdocs\\sop_final\\public\\index.php')
CRITICAL - 2023-10-29 12:34:32 --> Undefined property: Config\View::$allowRegister
in APPPATH\Views\register.php on line 87.
 1 APPPATH\Views\register.php(87): CodeIgniter\Debug\Exceptions->errorHandler(2, 'Undefined property: Config\\View::$allowRegister', 'C:\\xampp\\htdocs\\sop_final\\app\\Views\\register.php', 87)
 2 SYSTEMPATH\View\View.php(224): include('C:\\xampp\\htdocs\\sop_final\\app\\Views\\register.php')
 3 SYSTEMPATH\View\View.php(227): CodeIgniter\View\View->CodeIgniter\View\{closure}()
 4 SYSTEMPATH\Common.php(1180): CodeIgniter\View\View->render('register', [], true)
 5 APPPATH\Controllers\Auth.php(163): view('register')
 6 SYSTEMPATH\CodeIgniter.php(932): App\Controllers\Auth->register()
 7 SYSTEMPATH\CodeIgniter.php(497): CodeIgniter\CodeIgniter->runController(Object(App\Controllers\Auth))
 8 SYSTEMPATH\CodeIgniter.php(366): CodeIgniter\CodeIgniter->handleRequest(null, Object(Config\Cache), false)
 9 FCPATH\index.php(67): CodeIgniter\CodeIgniter->run()
10 SYSTEMPATH\Commands\Server\rewrite.php(47): require_once('C:\\xampp\\htdocs\\sop_final\\public\\index.php')
CRITICAL - 2023-10-29 12:35:50 --> Undefined property: Config\View::$allowRegister
in APPPATH\Views\register.php on line 87.
 1 APPPATH\Views\register.php(87): CodeIgniter\Debug\Exceptions->errorHandler(2, 'Undefined property: Config\\View::$allowRegister', 'C:\\xampp\\htdocs\\sop_final\\app\\Views\\register.php', 87)
 2 SYSTEMPATH\View\View.php(224): include('C:\\xampp\\htdocs\\sop_final\\app\\Views\\register.php')
 3 SYSTEMPATH\View\View.php(227): CodeIgniter\View\View->CodeIgniter\View\{closure}()
 4 SYSTEMPATH\Common.php(1180): CodeIgniter\View\View->render('register', [], true)
 5 APPPATH\Controllers\Auth.php(163): view('register')
 6 SYSTEMPATH\CodeIgniter.php(932): App\Controllers\Auth->register()
 7 SYSTEMPATH\CodeIgniter.php(497): CodeIgniter\CodeIgniter->runController(Object(App\Controllers\Auth))
 8 SYSTEMPATH\CodeIgniter.php(366): CodeIgniter\CodeIgniter->handleRequest(null, Object(Config\Cache), false)
 9 FCPATH\index.php(67): CodeIgniter\CodeIgniter->run()
10 SYSTEMPATH\Commands\Server\rewrite.php(47): require_once('C:\\xampp\\htdocs\\sop_final\\public\\index.php')
CRITICAL - 2023-10-29 13:04:29 --> Call to undefined function ImageCreate()
in FCPATH\assets\phpqrcode\qrimage.php on line 74.
 1 FCPATH\assets\phpqrcode\qrimage.php(32): QRimage::image([...], 2.2, 4)
 2 FCPATH\assets\phpqrcode\qrencode.php(494): QRimage::png([...], 'C:\\xampp\\htdocs\\sop_final\\public\\kode1.png', 2.2, 4, false)
 3 FCPATH\assets\phpqrcode\qrencode.php(286): QRencode->encodePNG('https://drive.google.com/file/d/1IQBSfRPP-oJsi37Hmy6L0zjMi4-G2CgG/view?usp=drive_link', 'C:\\xampp\\htdocs\\sop_final\\public\\kode1.png', false)
 4 APPPATH\Views\view_prosedur.php(120): QRcode::png('https://drive.google.com/file/d/1IQBSfRPP-oJsi37Hmy6L0zjMi4-G2CgG/view?usp=drive_link', 'C:\\xampp\\htdocs\\sop_final\\public\\kode1.png', 'M', 2.2)
 5 SYSTEMPATH\View\View.php(224): include('C:\\xampp\\htdocs\\sop_final\\app\\Views\\view_prosedur.php')
 6 SYSTEMPATH\View\View.php(227): CodeIgniter\View\View->CodeIgniter\View\{closure}()
 7 SYSTEMPATH\Common.php(1180): CodeIgniter\View\View->render('view_prosedur', [], true)
 8 APPPATH\Controllers\Prosedur.php(41): view('view_prosedur', [...])
 9 SYSTEMPATH\CodeIgniter.php(932): App\Controllers\Prosedur->index()
10 SYSTEMPATH\CodeIgniter.php(497): CodeIgniter\CodeIgniter->runController(Object(App\Controllers\Prosedur))
11 SYSTEMPATH\CodeIgniter.php(366): CodeIgniter\CodeIgniter->handleRequest(null, Object(Config\Cache), false)
12 FCPATH\index.php(67): CodeIgniter\CodeIgniter->run()
13 SYSTEMPATH\Commands\Server\rewrite.php(47): require_once('C:\\xampp\\htdocs\\sop_final\\public\\index.php')
CRITICAL - 2023-10-29 13:04:38 --> Call to undefined function ImageCreate()
in FCPATH\assets\phpqrcode\qrimage.php on line 74.
 1 FCPATH\assets\phpqrcode\qrimage.php(32): QRimage::image([...], 2.2, 4)
 2 FCPATH\assets\phpqrcode\qrencode.php(494): QRimage::png([...], 'C:\\xampp\\htdocs\\sop_final\\public\\kode1.png', 2.2, 4, false)
 3 FCPATH\assets\phpqrcode\qrencode.php(286): QRencode->encodePNG('https://drive.google.com/file/d/1IQBSfRPP-oJsi37Hmy6L0zjMi4-G2CgG/view?usp=drive_link', 'C:\\xampp\\htdocs\\sop_final\\public\\kode1.png', false)
 4 APPPATH\Views\view_prosedur.php(120): QRcode::png('https://drive.google.com/file/d/1IQBSfRPP-oJsi37Hmy6L0zjMi4-G2CgG/view?usp=drive_link', 'C:\\xampp\\htdocs\\sop_final\\public\\kode1.png', 'M', 2.2)
 5 SYSTEMPATH\View\View.php(224): include('C:\\xampp\\htdocs\\sop_final\\app\\Views\\view_prosedur.php')
 6 SYSTEMPATH\View\View.php(227): CodeIgniter\View\View->CodeIgniter\View\{closure}()
 7 SYSTEMPATH\Common.php(1180): CodeIgniter\View\View->render('view_prosedur', [], true)
 8 APPPATH\Controllers\Prosedur.php(41): view('view_prosedur', [...])
 9 SYSTEMPATH\CodeIgniter.php(932): App\Controllers\Prosedur->index()
10 SYSTEMPATH\CodeIgniter.php(497): CodeIgniter\CodeIgniter->runController(Object(App\Controllers\Prosedur))
11 SYSTEMPATH\CodeIgniter.php(366): CodeIgniter\CodeIgniter->handleRequest(null, Object(Config\Cache), false)
12 FCPATH\index.php(67): CodeIgniter\CodeIgniter->run()
13 SYSTEMPATH\Commands\Server\rewrite.php(47): require_once('C:\\xampp\\htdocs\\sop_final\\public\\index.php')
CRITICAL - 2023-10-29 13:05:07 --> Call to undefined function ImageCreate()
in FCPATH\assets\phpqrcode\qrimage.php on line 74.
 1 FCPATH\assets\phpqrcode\qrimage.php(32): QRimage::image([...], 2.2, 4)
 2 FCPATH\assets\phpqrcode\qrencode.php(494): QRimage::png([...], 'C:\\xampp\\htdocs\\sop_final\\public\\kode1.png', 2.2, 4, false)
 3 FCPATH\assets\phpqrcode\qrencode.php(286): QRencode->encodePNG('https://drive.google.com/file/d/1IQBSfRPP-oJsi37Hmy6L0zjMi4-G2CgG/view?usp=drive_link', 'C:\\xampp\\htdocs\\sop_final\\public\\kode1.png', false)
 4 APPPATH\Views\view_prosedur.php(120): QRcode::png('https://drive.google.com/file/d/1IQBSfRPP-oJsi37Hmy6L0zjMi4-G2CgG/view?usp=drive_link', 'C:\\xampp\\htdocs\\sop_final\\public\\kode1.png', 'M', 2.2)
 5 SYSTEMPATH\View\View.php(224): include('C:\\xampp\\htdocs\\sop_final\\app\\Views\\view_prosedur.php')
 6 SYSTEMPATH\View\View.php(227): CodeIgniter\View\View->CodeIgniter\View\{closure}()
 7 SYSTEMPATH\Common.php(1180): CodeIgniter\View\View->render('view_prosedur', [], true)
 8 APPPATH\Controllers\Prosedur.php(41): view('view_prosedur', [...])
 9 SYSTEMPATH\CodeIgniter.php(932): App\Controllers\Prosedur->index()
10 SYSTEMPATH\CodeIgniter.php(497): CodeIgniter\CodeIgniter->runController(Object(App\Controllers\Prosedur))
11 SYSTEMPATH\CodeIgniter.php(366): CodeIgniter\CodeIgniter->handleRequest(null, Object(Config\Cache), false)
12 FCPATH\index.php(67): CodeIgniter\CodeIgniter->run()
13 SYSTEMPATH\Commands\Server\rewrite.php(47): require_once('C:\\xampp\\htdocs\\sop_final\\public\\index.php')
